 level info: Aug-09-2025 09:23:49 	PostgreSQL Database connected successfully
level info: Aug-09-2025 09:23:49 	Server Started on http://localhost:9000
level info: Aug-09-2025 09:24:30 	PostgreSQL Database connected successfully
level info: Aug-09-2025 09:24:30 	Server Started on http://localhost:9000
level info: Aug-09-2025 09:24:38 	PostgreSQL Database connected successfully
level info: Aug-09-2025 09:24:38 	Server Started on http://localhost:9000
level info: Aug-09-2025 10:33:42 	PostgreSQL Database connected successfully
level info: Aug-09-2025 10:33:42 	Server Started on http://localhost:9000
level info: Aug-09-2025 10:53:09 	PostgreSQL Database connected successfully
level info: Aug-09-2025 10:53:09 	Server Started on http://localhost:9000
level info: Aug-09-2025 10:56:57 	PostgreSQL Database connected successfully
level info: Aug-09-2025 10:56:57 	Server Started on http://localhost:9000
level info: Aug-09-2025 12:23:34 	PostgreSQL Database connected successfully
level info: Aug-09-2025 12:23:34 	Server Started on http://localhost:9000
level info: Aug-09-2025 12:29:22 	PostgreSQL Database connected successfully
level info: Aug-09-2025 12:29:22 	Server Started on http://localhost:9000
level info: Aug-09-2025 12:29:25 	PostgreSQL Database connected successfully
level info: Aug-09-2025 12:29:25 	Server Started on http://localhost:9000
level info: Aug-09-2025 12:51:17 	PostgreSQL Database connected successfully
level info: Aug-09-2025 12:51:17 	Server Started on http://localhost:9000
level info: Aug-09-2025 13:47:04 	PostgreSQL Database connected successfully
level info: Aug-09-2025 13:47:04 	Server Started on http://localhost:9000
level info: Aug-09-2025 13:59:47 	PostgreSQL Database connected successfully
level info: Aug-09-2025 13:59:47 	Server Started on http://localhost:9000
level info: Aug-09-2025 14:10:15 	PostgreSQL Database connected successfully
level info: Aug-09-2025 14:10:15 	Server Started on http://localhost:9000
level info: Aug-09-2025 14:19:58 	PostgreSQL Database connected successfully
level info: Aug-09-2025 14:19:58 	Server Started on http://localhost:9000
level info: Aug-09-2025 14:51:13 	PostgreSQL Database connected successfully
level info: Aug-09-2025 14:51:13 	Server Started on http://localhost:9000
level info: Aug-09-2025 14:51:26 	PostgreSQL Database connected successfully
level info: Aug-09-2025 14:51:26 	Server Started on http://localhost:9000
level info: Aug-09-2025 14:56:36 	PostgreSQL Database connected successfully
level info: Aug-09-2025 14:56:36 	Server Started on http://localhost:9000
level info: Aug-09-2025 15:10:08 	PostgreSQL Database connected successfully
level info: Aug-09-2025 15:10:08 	Server Started on http://localhost:9000
level info: Aug-09-2025 15:14:44 	PostgreSQL Database connected successfully
level info: Aug-09-2025 15:14:44 	Server Started on http://localhost:9000
level info: Aug-09-2025 15:16:08 	PostgreSQL Database connected successfully
level info: Aug-09-2025 15:16:08 	Server Started on http://localhost:9000
level info: Aug-09-2025 15:23:48 	PostgreSQL Database connected successfully
level info: Aug-09-2025 15:23:48 	Server Started on http://localhost:9000
level info: Aug-09-2025 15:26:13 	PostgreSQL Database connected successfully
level info: Aug-09-2025 15:26:13 	Server Started on http://localhost:9000
level info: Aug-09-2025 16:04:44 	PostgreSQL Database connected successfully
level info: Aug-09-2025 16:04:44 	Server Started on http://localhost:9000
level info: Aug-09-2025 16:10:42 	PostgreSQL Database connected successfully
level info: Aug-09-2025 16:10:42 	Server Started on http://localhost:9000
level info: Aug-09-2025 16:11:28 	PostgreSQL Database connected successfully
level info: Aug-09-2025 16:11:28 	Server Started on http://localhost:9000
level info: Aug-09-2025 16:17:36 	PostgreSQL Database connected successfully
level info: Aug-09-2025 16:17:36 	Server Started on http://localhost:9000
level info: Aug-09-2025 16:21:19 	PostgreSQL Database connected successfully
level info: Aug-09-2025 16:21:19 	Server Started on http://localhost:9000
level info: Aug-09-2025 16:21:23 	PostgreSQL Database connected successfully
level info: Aug-09-2025 16:21:23 	Server Started on http://localhost:9000
level info: Aug-09-2025 16:21:26 	PostgreSQL Database connected successfully
level info: Aug-09-2025 16:21:26 	Server Started on http://localhost:9000
level info: Aug-09-2025 16:21:30 	PostgreSQL Database connected successfully
level info: Aug-09-2025 16:21:30 	Server Started on http://localhost:9000
level info: Aug-09-2025 16:21:36 	PostgreSQL Database connected successfully
level info: Aug-09-2025 16:21:36 	Server Started on http://localhost:9000
level info: Aug-09-2025 16:22:14 	PostgreSQL Database connected successfully
level info: Aug-09-2025 16:22:14 	Server Started on http://localhost:9000
level info: Aug-09-2025 16:22:18 	PostgreSQL Database connected successfully
level info: Aug-09-2025 16:22:18 	Server Started on http://localhost:9000
level info: Aug-09-2025 16:22:23 	PostgreSQL Database connected successfully
level info: Aug-09-2025 16:22:23 	Server Started on http://localhost:9000
level info: Aug-09-2025 16:22:28 	PostgreSQL Database connected successfully
level info: Aug-09-2025 16:22:28 	Server Started on http://localhost:9000
level info: Aug-09-2025 16:22:36 	PostgreSQL Database connected successfully
level info: Aug-09-2025 16:22:36 	Server Started on http://localhost:9000
level info: Aug-09-2025 16:22:38 	PostgreSQL Database connected successfully
level info: Aug-09-2025 16:22:38 	Server Started on http://localhost:9000
level info: Aug-09-2025 16:23:08 	PostgreSQL Database connected successfully
level info: Aug-09-2025 16:23:08 	Server Started on http://localhost:9000
level info: Aug-09-2025 16:23:15 	PostgreSQL Database connected successfully
level info: Aug-09-2025 16:23:15 	Server Started on http://localhost:9000
level info: Aug-11-2025 13:03:05 	PostgreSQL Database connected successfully
level info: Aug-11-2025 13:03:05 	Server Started on http://localhost:9000
level info: Aug-11-2025 13:18:14 	PostgreSQL Database connected successfully
level info: Aug-11-2025 13:18:14 	Server Started on http://localhost:9000
level info: Aug-11-2025 13:20:23 	PostgreSQL Database connected successfully
level info: Aug-11-2025 13:20:23 	Server Started on http://localhost:9000
level info: Aug-11-2025 13:20:27 	PostgreSQL Database connected successfully
level info: Aug-11-2025 13:20:27 	Server Started on http://localhost:9000
level info: Aug-11-2025 15:58:38 	PostgreSQL Database connected successfully
level info: Aug-11-2025 15:58:38 	Server Started on http://localhost:9000
level info: Aug-11-2025 16:20:31 	PostgreSQL Database connected successfully
level info: Aug-11-2025 16:20:31 	Server Started on http://localhost:9000
level info: Aug-11-2025 16:48:09 	PostgreSQL Database connected successfully
level info: Aug-11-2025 16:48:09 	Server Started on http://localhost:9000
level error: Aug-11-2025 17:04:59 	Database connection failed: Can't reach database server at `db.ltkicunvlyohzfrsvogi.supabase.co:5432`

Please make sure your database server is running at `db.ltkicunvlyohzfrsvogi.supabase.co:5432`.
level error: Aug-11-2025 17:07:40 	Database connection failed: Can't reach database server at `db.ltkicunvlyohzfrsvogi.supabase.co:5432`

Please make sure your database server is running at `db.ltkicunvlyohzfrsvogi.supabase.co:5432`.
level error: Aug-11-2025 17:09:58 	Database connection failed: Can't reach database server at `db.ltkicunvlyohzfrsvogi.supabase.co:5432`

Please make sure your database server is running at `db.ltkicunvlyohzfrsvogi.supabase.co:5432`.
level info: Aug-11-2025 17:25:18 	PostgreSQL Database connected successfully
level info: Aug-11-2025 17:25:19 	Server Started on http://localhost:9000
level info: Aug-12-2025 11:34:02 	PostgreSQL Database connected successfully
level info: Aug-12-2025 11:34:02 	Server Started on http://localhost:9000
level info: Aug-12-2025 12:38:32 	PostgreSQL Database connected successfully
level info: Aug-12-2025 12:38:32 	Server Started on http://localhost:9000
level info: Aug-12-2025 12:57:54 	PostgreSQL Database connected successfully
level info: Aug-12-2025 12:57:54 	Server Started on http://localhost:9000
level info: Aug-12-2025 13:04:45 	PostgreSQL Database connected successfully
level info: Aug-12-2025 13:04:45 	Server Started on http://localhost:9000
level info: Aug-12-2025 13:29:49 	PostgreSQL Database connected successfully
level info: Aug-12-2025 13:29:49 	Server Started on http://localhost:9000
level info: Aug-12-2025 13:29:57 	PostgreSQL Database connected successfully
level info: Aug-12-2025 13:29:57 	Server Started on http://localhost:9000
level info: Aug-12-2025 14:35:16 	PostgreSQL Database connected successfully
level info: Aug-12-2025 14:35:16 	Server Started on http://localhost:9000
level info: Aug-12-2025 14:45:38 	PostgreSQL Database connected successfully
level info: Aug-12-2025 14:45:38 	Server Started on http://localhost:9000
level info: Aug-12-2025 14:46:27 	PostgreSQL Database connected successfully
level info: Aug-12-2025 14:46:27 	Server Started on http://localhost:9000
level info: Aug-12-2025 14:46:36 	PostgreSQL Database connected successfully
level info: Aug-12-2025 14:46:36 	Server Started on http://localhost:9000
level info: Aug-12-2025 14:46:44 	PostgreSQL Database connected successfully
level info: Aug-12-2025 14:46:44 	Server Started on http://localhost:9000
level info: Aug-12-2025 14:46:47 	PostgreSQL Database connected successfully
level info: Aug-12-2025 14:46:47 	Server Started on http://localhost:9000
level info: Aug-12-2025 14:46:55 	PostgreSQL Database connected successfully
level info: Aug-12-2025 14:46:55 	Server Started on http://localhost:9000
level info: Aug-12-2025 14:47:19 	PostgreSQL Database connected successfully
level info: Aug-12-2025 14:47:19 	Server Started on http://localhost:9000
level info: Aug-12-2025 19:56:41 	PostgreSQL Database connected successfully
level info: Aug-12-2025 19:56:41 	Server Started on http://localhost:9000
level info: Aug-12-2025 20:00:05 	PostgreSQL Database connected successfully
level info: Aug-12-2025 20:00:05 	Server Started on http://localhost:9000
level info: Aug-13-2025 08:04:49 	PostgreSQL Database connected successfully
level info: Aug-13-2025 08:04:49 	Server Started on http://localhost:9000
level info: Aug-13-2025 08:42:17 	PostgreSQL Database connected successfully
level info: Aug-13-2025 08:42:17 	Server Started on http://localhost:9000
level info: Aug-16-2025 08:59:59 	Admin listed meetings
level info: Aug-16-2025 08:59:59 	Admin created meeting
level error: Aug-16-2025 08:59:59 	Error creating meeting
level info: Aug-16-2025 08:59:59 	Admin listed meetings
level info: Aug-16-2025 08:59:59 	Admin listed meetings
level info: Aug-16-2025 08:59:59 	Admin retrieved meeting
level info: Aug-16-2025 08:59:59 	Admin updated meeting
level error: Aug-16-2025 08:59:59 	Error updating meeting
level error: Aug-16-2025 08:59:59 	Error updating meeting
level info: Aug-16-2025 08:59:59 	Admin started meeting
level error: Aug-16-2025 08:59:59 	Error starting meeting
level error: Aug-16-2025 08:59:59 	Error starting meeting
level info: Aug-16-2025 08:59:59 	Admin ended meeting
level info: Aug-16-2025 08:59:59 	Admin canceled meeting
level info: Aug-16-2025 08:59:59 	Admin kicked participant
level info: Aug-16-2025 08:59:59 	Admin banned participant
level info: Aug-16-2025 09:01:24 	Admin listed meetings
level info: Aug-16-2025 09:01:24 	Admin created meeting
level error: Aug-16-2025 09:01:24 	Error creating meeting
level info: Aug-16-2025 09:01:25 	Admin listed meetings
level info: Aug-16-2025 09:01:25 	Admin listed meetings
level info: Aug-16-2025 09:01:25 	Admin retrieved meeting
level info: Aug-16-2025 09:01:25 	Admin updated meeting
level error: Aug-16-2025 09:01:25 	Error updating meeting
level error: Aug-16-2025 09:01:25 	Error updating meeting
level info: Aug-16-2025 09:01:25 	Admin started meeting
level error: Aug-16-2025 09:01:25 	Error starting meeting
level error: Aug-16-2025 09:01:25 	Error starting meeting
level info: Aug-16-2025 09:01:25 	Admin ended meeting
level info: Aug-16-2025 09:01:25 	Admin canceled meeting
level info: Aug-16-2025 09:01:25 	Admin kicked participant
level info: Aug-16-2025 09:01:25 	Admin banned participant
level info: Aug-16-2025 09:03:50 	Employee listed meetings
level info: Aug-16-2025 09:03:50 	Employee listed meetings
level info: Aug-16-2025 09:03:50 	Employee listed meetings
level info: Aug-16-2025 09:03:50 	Employee retrieved meeting details
level info: Aug-16-2025 09:03:50 	Employee retrieved meeting details
level info: Aug-16-2025 09:03:50 	Employee retrieved meeting details
level info: Aug-16-2025 09:03:51 	Employee joined meeting
level info: Aug-16-2025 09:03:51 	Employee joined meeting
level info: Aug-16-2025 09:03:51 	Employee left meeting
level info: Aug-16-2025 09:03:51 	Employee requested meeting access token
level info: Aug-16-2025 09:03:51 	Employee requested meeting access token
level info: Aug-16-2025 09:05:05 	Admin listed meetings
level info: Aug-16-2025 09:05:06 	Admin created meeting
level info: Aug-16-2025 09:05:06 	Employee listed meetings
level error: Aug-16-2025 09:05:06 	Error creating meeting
level info: Aug-16-2025 09:05:06 	Employee listed meetings
level info: Aug-16-2025 09:05:06 	Admin listed meetings
level info: Aug-16-2025 09:05:06 	Employee listed meetings
level info: Aug-16-2025 09:05:06 	Admin listed meetings
level info: Aug-16-2025 09:05:06 	Admin retrieved meeting
level info: Aug-16-2025 09:05:06 	Employee retrieved meeting details
level info: Aug-16-2025 09:05:06 	Admin updated meeting
level info: Aug-16-2025 09:05:06 	Employee retrieved meeting details
level info: Aug-16-2025 09:05:06 	Employee retrieved meeting details
level error: Aug-16-2025 09:05:06 	Error updating meeting
level error: Aug-16-2025 09:05:06 	Error updating meeting
level info: Aug-16-2025 09:05:06 	Admin started meeting
level info: Aug-16-2025 09:05:06 	Employee joined meeting
level error: Aug-16-2025 09:05:06 	Error starting meeting
level error: Aug-16-2025 09:05:07 	Error starting meeting
level info: Aug-16-2025 09:05:07 	Admin ended meeting
level info: Aug-16-2025 09:05:07 	Employee joined meeting
level info: Aug-16-2025 09:05:07 	Admin canceled meeting
level info: Aug-16-2025 09:05:07 	Employee left meeting
level info: Aug-16-2025 09:05:07 	Admin kicked participant
level info: Aug-16-2025 09:05:07 	Employee requested meeting access token
level info: Aug-16-2025 09:05:07 	Employee requested meeting access token
level info: Aug-16-2025 09:05:07 	Admin banned participant
level error: Aug-16-2025 09:18:26 	Error in socket connection handler
level error: Aug-16-2025 09:18:26 	Error in socket connection handler
level error: Aug-16-2025 09:18:56 	Error in socket connection handler
level error: Aug-16-2025 09:19:26 	Error in socket connection handler
level error: Aug-16-2025 09:19:56 	Error in socket connection handler
level error: Aug-16-2025 09:19:57 	Error in socket connection handler
level error: Aug-16-2025 09:20:26 	Error in socket connection handler
level error: Aug-16-2025 09:20:27 	Error in socket connection handler
level error: Aug-16-2025 09:20:57 	Error in socket connection handler
level error: Aug-16-2025 09:20:57 	Error in socket connection handler
level error: Aug-16-2025 09:21:27 	Error in socket connection handler
level error: Aug-16-2025 09:21:27 	Error in socket connection handler
level error: Aug-16-2025 09:21:56 	Error in socket connection handler
level error: Aug-16-2025 09:21:56 	Error in socket connection handler
level error: Aug-16-2025 09:22:26 	Error in socket connection handler
level error: Aug-16-2025 09:22:57 	Error in socket connection handler
level error: Aug-16-2025 09:22:57 	Error in socket connection handler
level error: Aug-16-2025 09:23:27 	Error in socket connection handler
level error: Aug-16-2025 09:23:27 	Error in socket connection handler
level error: Aug-16-2025 09:23:57 	Error in socket connection handler
level error: Aug-16-2025 09:23:57 	Error in socket connection handler
level error: Aug-16-2025 09:24:27 	Error in socket connection handler
level error: Aug-16-2025 09:24:57 	Error in socket connection handler
level error: Aug-16-2025 09:25:27 	Error in socket connection handler
level error: Aug-16-2025 09:25:57 	Error in socket connection handler
level error: Aug-16-2025 09:25:57 	Error in socket connection handler
level error: Aug-16-2025 09:25:57 	Error in socket connection handler
level error: Aug-16-2025 09:26:27 	Error in socket connection handler
level error: Aug-16-2025 09:26:27 	Error in socket connection handler
level error: Aug-16-2025 09:26:27 	Error in socket connection handler
level error: Aug-16-2025 09:26:57 	Error in socket connection handler
level error: Aug-16-2025 09:26:57 	Error in socket connection handler
level info: Aug-16-2025 09:33:34 	Socket connected to meeting
level info: Aug-16-2025 09:33:34 	Socket disconnected from meeting
level error: Aug-16-2025 09:33:34 	Socket authentication failed
level error: Aug-16-2025 09:33:34 	Socket authentication failed
level info: Aug-16-2025 09:33:34 	Socket connected to meeting
level info: Aug-16-2025 09:33:34 	Socket disconnected from meeting
level info: Aug-16-2025 09:33:34 	Socket connected to meeting
level info: Aug-16-2025 09:33:35 	Socket connected to meeting
level info: Aug-16-2025 09:33:35 	Socket disconnected from meeting
level info: Aug-16-2025 09:33:35 	Socket disconnected from meeting
level info: Aug-16-2025 09:33:35 	Socket connected to meeting
level info: Aug-16-2025 09:33:35 	Socket connected to meeting
level info: Aug-16-2025 09:33:35 	Socket disconnected from meeting
level info: Aug-16-2025 09:33:35 	Socket disconnected from meeting
level info: Aug-16-2025 09:33:35 	Socket connected to meeting
level info: Aug-16-2025 09:33:35 	Socket connected to meeting
level info: Aug-16-2025 09:33:35 	Socket disconnected from meeting
level info: Aug-16-2025 09:33:35 	Socket disconnected from meeting
level info: Aug-16-2025 09:33:35 	Socket connected to meeting
level info: Aug-16-2025 09:33:35 	Socket connected to meeting
level info: Aug-16-2025 09:33:35 	Socket disconnected from meeting
level info: Aug-16-2025 09:33:35 	Socket disconnected from meeting
level info: Aug-16-2025 09:33:35 	Socket connected to meeting
level info: Aug-16-2025 09:33:35 	Socket connected to meeting
level info: Aug-16-2025 09:33:35 	Socket disconnected from meeting
level info: Aug-16-2025 09:33:35 	Socket disconnected from meeting
level info: Aug-16-2025 09:33:35 	Socket connected to meeting
level info: Aug-16-2025 09:33:35 	Socket disconnected from meeting
level info: Aug-16-2025 09:33:35 	Socket connected to meeting
level info: Aug-16-2025 09:33:35 	Socket connected to meeting
level info: Aug-16-2025 09:33:35 	Participant kicked via socket
level info: Aug-16-2025 09:33:35 	Socket disconnected from meeting
level info: Aug-16-2025 09:33:35 	Socket disconnected from meeting
level info: Aug-16-2025 09:33:35 	Socket connected to meeting
level info: Aug-16-2025 09:33:36 	Socket connected to meeting
level info: Aug-16-2025 09:33:36 	Participant banned via socket
level info: Aug-16-2025 09:33:36 	Socket disconnected from meeting
level info: Aug-16-2025 09:33:36 	Socket disconnected from meeting
level info: Aug-16-2025 09:33:36 	Socket connected to meeting
level info: Aug-16-2025 09:33:36 	Socket connected to meeting
level info: Aug-16-2025 09:33:36 	Meeting ended via socket
level info: Aug-16-2025 09:33:36 	Socket disconnected from meeting
level info: Aug-16-2025 09:33:36 	Socket disconnected from meeting
level info: Aug-16-2025 09:33:36 	Socket connected to meeting
level info: Aug-16-2025 09:33:36 	Participant kicked via socket
level info: Aug-16-2025 09:34:06 	Socket disconnected from meeting
level info: Aug-16-2025 09:34:06 	Socket connected to meeting
level info: Aug-16-2025 09:34:06 	Participant banned via socket
level info: Aug-16-2025 09:34:36 	Socket disconnected from meeting
level info: Aug-16-2025 09:34:36 	Socket connected to meeting
level info: Aug-16-2025 09:34:36 	Meeting ended via socket
level info: Aug-16-2025 09:34:36 	Socket disconnected from meeting
level info: Aug-16-2025 09:35:06 	Socket connected to meeting
level info: Aug-16-2025 09:35:06 	Socket connected to meeting
level info: Aug-16-2025 09:35:06 	Socket connected to meeting
level info: Aug-16-2025 09:35:36 	Socket disconnected from meeting
level info: Aug-16-2025 09:35:36 	Socket disconnected from meeting
level info: Aug-16-2025 09:35:36 	Socket disconnected from meeting
level info: Aug-16-2025 09:35:36 	Socket connected to meeting
level info: Aug-16-2025 09:35:36 	Socket connected to meeting
level info: Aug-16-2025 09:35:36 	Socket connected to meeting
level info: Aug-16-2025 09:35:36 	Socket disconnected from meeting
level info: Aug-16-2025 09:35:36 	Socket disconnected from meeting
level info: Aug-16-2025 09:35:36 	Socket disconnected from meeting
level error: Aug-16-2025 09:35:36 	Error in socket connection handler
level info: Aug-16-2025 09:35:36 	Socket connected to meeting
level info: Aug-16-2025 09:36:06 	Socket disconnected from meeting
level info: Aug-16-2025 09:38:14 	Socket connected to meeting
level info: Aug-16-2025 09:38:14 	Socket disconnected from meeting
level error: Aug-16-2025 09:38:14 	Socket authentication failed
level error: Aug-16-2025 09:38:14 	Socket authentication failed
level info: Aug-16-2025 09:38:14 	Socket connected to meeting
level info: Aug-16-2025 09:38:14 	Socket disconnected from meeting
level info: Aug-16-2025 09:38:14 	Socket connected to meeting
level info: Aug-16-2025 09:38:14 	Socket connected to meeting
level info: Aug-16-2025 09:38:14 	Socket disconnected from meeting
level info: Aug-16-2025 09:38:14 	Socket disconnected from meeting
level info: Aug-16-2025 09:38:14 	Socket connected to meeting
level info: Aug-16-2025 09:38:14 	Socket connected to meeting
level info: Aug-16-2025 09:38:14 	Admin listed meetings
level info: Aug-16-2025 09:38:14 	Socket disconnected from meeting
level info: Aug-16-2025 09:38:14 	Socket disconnected from meeting
level info: Aug-16-2025 09:38:14 	Socket connected to meeting
level info: Aug-16-2025 09:38:14 	Admin created meeting
level info: Aug-16-2025 09:38:14 	Socket connected to meeting
level info: Aug-16-2025 09:38:15 	Socket disconnected from meeting
level info: Aug-16-2025 09:38:15 	Socket disconnected from meeting
level info: Aug-16-2025 09:38:15 	Employee listed meetings
level info: Aug-16-2025 09:38:15 	Socket connected to meeting
level info: Aug-16-2025 09:38:15 	Employee listed meetings
level error: Aug-16-2025 09:38:15 	Error creating meeting
level info: Aug-16-2025 09:38:15 	Employee listed meetings
level info: Aug-16-2025 09:38:15 	Admin listed meetings
level info: Aug-16-2025 09:38:15 	Socket connected to meeting
level info: Aug-16-2025 09:38:15 	Admin listed meetings
level info: Aug-16-2025 09:38:15 	Socket disconnected from meeting
level info: Aug-16-2025 09:38:15 	Employee retrieved meeting details
level info: Aug-16-2025 09:38:15 	Socket disconnected from meeting
level info: Aug-16-2025 09:38:15 	Admin retrieved meeting
level info: Aug-16-2025 09:38:15 	Socket connected to meeting
level info: Aug-16-2025 09:38:15 	Employee retrieved meeting details
level info: Aug-16-2025 09:38:15 	Socket connected to meeting
level info: Aug-16-2025 09:38:15 	Admin updated meeting
level info: Aug-16-2025 09:38:15 	Employee retrieved meeting details
level info: Aug-16-2025 09:38:15 	Socket disconnected from meeting
level info: Aug-16-2025 09:38:15 	Socket disconnected from meeting
level error: Aug-16-2025 09:38:15 	Error updating meeting
level info: Aug-16-2025 09:38:15 	Socket connected to meeting
level error: Aug-16-2025 09:38:15 	Error updating meeting
level info: Aug-16-2025 09:38:15 	Socket disconnected from meeting
level info: Aug-16-2025 09:38:15 	Employee joined meeting
level info: Aug-16-2025 09:38:15 	Admin started meeting
level info: Aug-16-2025 09:38:15 	Socket connected to meeting
level error: Aug-16-2025 09:38:15 	Error starting meeting
level error: Aug-16-2025 09:38:15 	Error starting meeting
level info: Aug-16-2025 09:38:15 	Employee joined meeting
level info: Aug-16-2025 09:38:15 	Admin ended meeting
level info: Aug-16-2025 09:38:15 	Socket connected to meeting
level info: Aug-16-2025 09:38:15 	Employee left meeting
level info: Aug-16-2025 09:38:15 	Participant kicked via socket
level info: Aug-16-2025 09:38:15 	Admin canceled meeting
level info: Aug-16-2025 09:38:15 	Socket disconnected from meeting
level info: Aug-16-2025 09:38:15 	Socket disconnected from meeting
level info: Aug-16-2025 09:38:15 	Admin kicked participant
level info: Aug-16-2025 09:38:15 	Socket connected to meeting
level info: Aug-16-2025 09:38:15 	Employee requested meeting access token
level info: Aug-16-2025 09:38:15 	Employee requested meeting access token
level info: Aug-16-2025 09:38:15 	Socket connected to meeting
level info: Aug-16-2025 09:38:15 	Admin banned participant
level info: Aug-16-2025 09:38:15 	Participant banned via socket
level info: Aug-16-2025 09:38:15 	Socket disconnected from meeting
level info: Aug-16-2025 09:38:15 	Socket disconnected from meeting
level info: Aug-16-2025 09:38:15 	Socket connected to meeting
level info: Aug-16-2025 09:38:15 	Socket connected to meeting
level info: Aug-16-2025 09:38:15 	Meeting ended via socket
level info: Aug-16-2025 09:38:15 	Socket disconnected from meeting
level info: Aug-16-2025 09:38:15 	Socket disconnected from meeting
level info: Aug-16-2025 09:38:15 	Socket connected to meeting
level info: Aug-16-2025 09:38:15 	Participant kicked via socket
level info: Aug-16-2025 09:38:45 	Socket disconnected from meeting
level info: Aug-16-2025 09:38:45 	Socket connected to meeting
level info: Aug-16-2025 09:38:45 	Participant banned via socket
level info: Aug-16-2025 09:39:15 	Socket disconnected from meeting
level info: Aug-16-2025 09:39:15 	Socket connected to meeting
level info: Aug-16-2025 09:39:15 	Meeting ended via socket
level info: Aug-16-2025 09:39:15 	Socket disconnected from meeting
level info: Aug-16-2025 09:39:45 	Socket connected to meeting
level info: Aug-16-2025 09:39:46 	Socket connected to meeting
level info: Aug-16-2025 09:39:46 	Socket connected to meeting
level info: Aug-16-2025 09:40:15 	Socket disconnected from meeting
level info: Aug-16-2025 09:40:15 	Socket disconnected from meeting
level info: Aug-16-2025 09:40:15 	Socket disconnected from meeting
level info: Aug-16-2025 09:40:16 	Socket connected to meeting
level info: Aug-16-2025 09:40:16 	Socket connected to meeting
level info: Aug-16-2025 09:40:16 	Socket connected to meeting
level info: Aug-16-2025 09:40:16 	Socket disconnected from meeting
level info: Aug-16-2025 09:40:16 	Socket disconnected from meeting
level info: Aug-16-2025 09:40:16 	Socket disconnected from meeting
level error: Aug-16-2025 09:40:16 	Error in socket connection handler
level info: Aug-16-2025 09:40:16 	Socket connected to meeting
level info: Aug-16-2025 09:40:46 	Socket disconnected from meeting
level info: Aug-16-2025 10:00:33 	Admin listed meetings
level info: Aug-16-2025 10:00:33 	Admin created meeting
level info: Aug-16-2025 10:00:34 	Employee listed meetings
level info: Aug-16-2025 10:00:34 	Employee listed meetings
level error: Aug-16-2025 10:00:34 	Error creating meeting
level info: Aug-16-2025 10:00:34 	Employee listed meetings
level info: Aug-16-2025 10:00:34 	Admin listed meetings
level info: Aug-16-2025 10:00:34 	Admin listed meetings
level info: Aug-16-2025 10:00:34 	Employee retrieved meeting details
level info: Aug-16-2025 10:00:34 	Socket connected to meeting
level info: Aug-16-2025 10:00:34 	Admin retrieved meeting
level info: Aug-16-2025 10:00:34 	Employee retrieved meeting details
level info: Aug-16-2025 10:00:34 	Admin updated meeting
level info: Aug-16-2025 10:00:34 	Employee retrieved meeting details
level info: Aug-16-2025 10:00:34 	Socket disconnected from meeting
level error: Aug-16-2025 10:00:34 	Error updating meeting
level error: Aug-16-2025 10:00:34 	Socket authentication failed
level error: Aug-16-2025 10:00:34 	Error updating meeting
level info: Aug-16-2025 10:00:34 	Employee joined meeting
level info: Aug-16-2025 10:00:34 	Admin started meeting
level error: Aug-16-2025 10:00:34 	Error starting meeting
level error: Aug-16-2025 10:00:34 	Error starting meeting
level info: Aug-16-2025 10:00:34 	Employee joined meeting
level info: Aug-16-2025 10:00:34 	Admin ended meeting
level error: Aug-16-2025 10:00:34 	Socket authentication failed
level info: Aug-16-2025 10:00:34 	Employee left meeting
level info: Aug-16-2025 10:00:34 	Admin canceled meeting
level info: Aug-16-2025 10:00:34 	Admin kicked participant
level info: Aug-16-2025 10:00:34 	Employee requested meeting access token
level info: Aug-16-2025 10:00:34 	Socket connected to meeting
level info: Aug-16-2025 10:00:34 	Employee requested meeting access token
level info: Aug-16-2025 10:00:34 	Admin banned participant
level info: Aug-16-2025 10:00:34 	Socket disconnected from meeting
level info: Aug-16-2025 10:00:34 	Socket connected to meeting
level info: Aug-16-2025 10:00:34 	Socket connected to meeting
level info: Aug-16-2025 10:00:34 	Socket disconnected from meeting
level info: Aug-16-2025 10:00:34 	Socket disconnected from meeting
level info: Aug-16-2025 10:00:34 	Socket connected to meeting
level info: Aug-16-2025 10:00:34 	Socket connected to meeting
level info: Aug-16-2025 10:00:34 	Socket disconnected from meeting
level info: Aug-16-2025 10:00:34 	Socket disconnected from meeting
level info: Aug-16-2025 10:00:34 	Socket connected to meeting
level info: Aug-16-2025 10:00:34 	Socket connected to meeting
level info: Aug-16-2025 10:00:34 	Socket disconnected from meeting
level info: Aug-16-2025 10:00:34 	Socket disconnected from meeting
level info: Aug-16-2025 10:00:34 	Socket connected to meeting
level info: Aug-16-2025 10:00:34 	Socket connected to meeting
level info: Aug-16-2025 10:00:34 	Socket disconnected from meeting
level info: Aug-16-2025 10:00:34 	Socket disconnected from meeting
level info: Aug-16-2025 10:00:34 	Socket connected to meeting
level info: Aug-16-2025 10:00:34 	Socket connected to meeting
level info: Aug-16-2025 10:00:34 	Socket disconnected from meeting
level info: Aug-16-2025 10:00:34 	Socket disconnected from meeting
level info: Aug-16-2025 10:00:34 	Socket connected to meeting
level info: Aug-16-2025 10:00:34 	Socket disconnected from meeting
level info: Aug-16-2025 10:00:34 	Socket connected to meeting
level info: Aug-16-2025 10:00:34 	Socket connected to meeting
level info: Aug-16-2025 10:00:34 	Participant kicked via socket
level info: Aug-16-2025 10:00:34 	Socket disconnected from meeting
level info: Aug-16-2025 10:00:34 	Socket disconnected from meeting
level info: Aug-16-2025 10:00:34 	Socket connected to meeting
level info: Aug-16-2025 10:00:34 	Socket connected to meeting
level info: Aug-16-2025 10:00:34 	Participant banned via socket
level info: Aug-16-2025 10:00:34 	Socket disconnected from meeting
level info: Aug-16-2025 10:00:34 	Socket disconnected from meeting
level info: Aug-16-2025 10:00:34 	Socket connected to meeting
level info: Aug-16-2025 10:00:34 	Socket connected to meeting
level info: Aug-16-2025 10:00:34 	Meeting ended via socket
level info: Aug-16-2025 10:00:34 	Socket disconnected from meeting
level info: Aug-16-2025 10:00:34 	Socket disconnected from meeting
level info: Aug-16-2025 10:00:34 	Socket connected to meeting
level info: Aug-16-2025 10:00:35 	Participant kicked via socket
level info: Aug-16-2025 10:01:05 	Socket disconnected from meeting
level info: Aug-16-2025 10:01:05 	Socket connected to meeting
level info: Aug-16-2025 10:01:05 	Participant banned via socket
level info: Aug-16-2025 10:01:35 	Socket disconnected from meeting
level info: Aug-16-2025 10:01:35 	Socket connected to meeting
level info: Aug-16-2025 10:01:35 	Meeting ended via socket
level info: Aug-16-2025 10:01:35 	Socket disconnected from meeting
level info: Aug-16-2025 10:02:05 	Socket connected to meeting
level info: Aug-16-2025 10:02:05 	Socket connected to meeting
level info: Aug-16-2025 10:02:05 	Socket connected to meeting
level info: Aug-16-2025 10:02:35 	Socket disconnected from meeting
level info: Aug-16-2025 10:02:35 	Socket disconnected from meeting
level info: Aug-16-2025 10:02:35 	Socket disconnected from meeting
level info: Aug-16-2025 10:02:35 	Socket connected to meeting
level info: Aug-16-2025 10:02:35 	Socket connected to meeting
level info: Aug-16-2025 10:02:35 	Socket connected to meeting
level info: Aug-16-2025 10:02:35 	Socket disconnected from meeting
level info: Aug-16-2025 10:02:35 	Socket disconnected from meeting
level info: Aug-16-2025 10:02:35 	Socket disconnected from meeting
level error: Aug-16-2025 10:02:35 	Error in socket connection handler
level info: Aug-16-2025 10:02:35 	Socket connected to meeting
level info: Aug-16-2025 10:03:05 	Socket disconnected from meeting
level info: Aug-16-2025 10:16:52 	Meeting recordings retrieved
level info: Aug-16-2025 10:16:52 	Meeting recording uploaded successfully
level info: Aug-16-2025 10:16:52 	Meeting recordings retrieved
level info: Aug-16-2025 10:16:52 	Meeting recordings retrieved
level info: Aug-16-2025 10:16:52 	Meeting recording deleted
level info: Aug-16-2025 10:16:52 	Meeting recording deleted
level info: Aug-16-2025 10:16:52 	Meeting recording stats retrieved
level info: Aug-16-2025 10:18:39 	Meeting recordings retrieved
level info: Aug-16-2025 10:18:39 	Meeting recording uploaded successfully
level info: Aug-16-2025 10:18:40 	Meeting recordings retrieved
level info: Aug-16-2025 10:18:40 	Admin listed meetings
level info: Aug-16-2025 10:18:40 	Meeting recordings retrieved
level info: Aug-16-2025 10:18:40 	Meeting recording deleted
level info: Aug-16-2025 10:18:40 	Meeting recording deleted
level info: Aug-16-2025 10:18:40 	Admin created meeting
level info: Aug-16-2025 10:18:40 	Meeting recording stats retrieved
level info: Aug-16-2025 10:18:40 	Employee listed meetings
level info: Aug-16-2025 10:18:40 	Employee listed meetings
level error: Aug-16-2025 10:18:40 	Error creating meeting
level info: Aug-16-2025 10:18:40 	Employee listed meetings
level info: Aug-16-2025 10:18:40 	Admin listed meetings
level info: Aug-16-2025 10:18:40 	Admin listed meetings
level info: Aug-16-2025 10:18:40 	Employee retrieved meeting details
level info: Aug-16-2025 10:18:40 	Admin retrieved meeting
level info: Aug-16-2025 10:18:40 	Employee retrieved meeting details
level info: Aug-16-2025 10:18:40 	Admin updated meeting
level info: Aug-16-2025 10:18:40 	Employee retrieved meeting details
level error: Aug-16-2025 10:18:40 	Error updating meeting
level error: Aug-16-2025 10:18:40 	Error updating meeting
level info: Aug-16-2025 10:18:40 	Employee joined meeting
level info: Aug-16-2025 10:18:40 	Admin started meeting
level error: Aug-16-2025 10:18:40 	Error starting meeting
level error: Aug-16-2025 10:18:40 	Error starting meeting
level info: Aug-16-2025 10:18:40 	Employee joined meeting
level info: Aug-16-2025 10:18:40 	Admin ended meeting
level info: Aug-16-2025 10:18:40 	Employee left meeting
level info: Aug-16-2025 10:18:40 	Admin canceled meeting
level info: Aug-16-2025 10:18:40 	Admin kicked participant
level info: Aug-16-2025 10:18:40 	Employee requested meeting access token
level info: Aug-16-2025 10:18:40 	Employee requested meeting access token
level info: Aug-16-2025 10:18:40 	Admin banned participant
level error: Aug-16-2025 10:38:55 	Error getting meeting attendance
level error: Aug-16-2025 10:38:55 	Error getting meeting attendance
level error: Aug-16-2025 10:38:55 	Error getting meeting attendance
level error: Aug-16-2025 10:38:55 	Error getting meeting attendance
level error: Aug-16-2025 10:38:55 	Error getting meeting attendance
level error: Aug-16-2025 10:39:59 	Error getting meeting attendance
level error: Aug-16-2025 10:39:59 	Error getting meeting attendance
level error: Aug-16-2025 10:39:59 	Error getting meeting attendance
level error: Aug-16-2025 10:39:59 	Error getting meeting attendance
level error: Aug-16-2025 10:39:59 	Error getting meeting attendance
level info: Aug-16-2025 10:40:51 	Admin retrieved meeting attendance
level error: Aug-16-2025 10:40:53 	Error getting meeting attendance
level error: Aug-16-2025 10:40:53 	Error getting meeting attendance
level info: Aug-16-2025 10:40:53 	Admin retrieved meeting attendance
level info: Aug-16-2025 10:40:53 	Admin retrieved meeting attendance
level info: Aug-16-2025 10:42:56 	Admin retrieved meeting attendance
level info: Aug-16-2025 10:42:56 	Admin retrieved meeting attendance
level error: Aug-16-2025 10:42:56 	Error getting meeting attendance
level error: Aug-16-2025 10:42:56 	Error getting meeting attendance
level info: Aug-16-2025 10:42:56 	Admin retrieved meeting attendance
level info: Aug-16-2025 10:42:56 	Admin retrieved meeting attendance
level info: Aug-16-2025 10:43:31 	Admin retrieved meeting attendance
level error: Aug-16-2025 10:43:31 	Error getting meeting attendance
level error: Aug-16-2025 10:43:31 	Error getting meeting attendance
level info: Aug-16-2025 10:43:31 	Admin retrieved meeting attendance
level info: Aug-16-2025 10:43:31 	Admin retrieved meeting attendance
level info: Aug-16-2025 10:43:57 	Admin retrieved meeting attendance
level error: Aug-16-2025 10:43:57 	Error getting meeting attendance
level error: Aug-16-2025 10:43:57 	Error getting meeting attendance
level info: Aug-16-2025 10:43:57 	Admin retrieved meeting attendance
level info: Aug-16-2025 10:43:57 	Admin retrieved meeting attendance
level info: Aug-16-2025 10:45:36 	Admin retrieved meeting attendance
level error: Aug-16-2025 10:45:36 	Error getting meeting attendance
level error: Aug-16-2025 10:45:36 	Error getting meeting attendance
level info: Aug-16-2025 10:45:36 	Admin retrieved meeting attendance
level info: Aug-16-2025 10:45:36 	Admin retrieved meeting attendance
level info: Aug-16-2025 14:06:32 	Admin sent meeting invites
level info: Aug-16-2025 14:06:32 	Employee retrieved upcoming meetings
level info: Aug-16-2025 14:06:32 	Employee retrieved upcoming meetings
level error: Aug-16-2025 14:06:32 	Error sending meeting invites
level error: Aug-16-2025 14:06:32 	Error sending meeting invites
level info: Aug-16-2025 14:06:32 	Admin retrieved scheduled meetings
level info: Aug-16-2025 14:06:32 	Employee retrieved upcoming meetings
level error: Aug-16-2025 14:06:32 	Error getting upcoming meetings
level info: Aug-16-2025 14:06:32 	Admin sent meeting reminders
level info: Aug-16-2025 14:06:32 	Admin sent meeting reminders
level info: Aug-16-2025 14:07:13 	Admin sent meeting invites
level error: Aug-16-2025 14:07:13 	Error sending meeting invites
level error: Aug-16-2025 14:07:13 	Error sending meeting invites
level info: Aug-16-2025 14:07:13 	Admin retrieved scheduled meetings
level info: Aug-16-2025 14:07:13 	Admin sent meeting reminders
level info: Aug-16-2025 14:07:13 	Admin sent meeting reminders
level info: Aug-16-2025 14:07:14 	Meeting recordings retrieved
level info: Aug-16-2025 14:07:14 	Meeting recording uploaded successfully
level info: Aug-16-2025 14:07:15 	Meeting recordings retrieved
level info: Aug-16-2025 14:07:15 	Meeting recordings retrieved
level info: Aug-16-2025 14:07:15 	Admin retrieved scheduled meetings
level info: Aug-16-2025 14:07:15 	Meeting recording deleted
level info: Aug-16-2025 14:07:15 	Employee listed meetings
level info: Aug-16-2025 14:07:15 	Meeting recording deleted
level info: Aug-16-2025 14:07:15 	Employee listed meetings
level info: Aug-16-2025 14:07:15 	Admin created meeting
level info: Aug-16-2025 14:07:15 	Socket connected to meeting
level info: Aug-16-2025 14:07:15 	Employee listed meetings
level info: Aug-16-2025 14:07:15 	Meeting recording stats retrieved
level info: Aug-16-2025 14:07:15 	Employee retrieved meeting details
level info: Aug-16-2025 14:07:15 	Socket disconnected from meeting
level info: Aug-16-2025 14:07:15 	Employee retrieved meeting details
level error: Aug-16-2025 14:07:15 	Error creating meeting
level info: Aug-16-2025 14:07:15 	Employee retrieved meeting details
level error: Aug-16-2025 14:07:15 	Socket authentication failed
level info: Aug-16-2025 14:07:15 	Admin retrieved scheduled meetings
level info: Aug-16-2025 14:07:15 	Admin retrieved scheduled meetings
level info: Aug-16-2025 14:07:15 	Employee joined meeting
level error: Aug-16-2025 14:07:15 	Socket authentication failed
level info: Aug-16-2025 14:07:15 	Admin retrieved meeting
level info: Aug-16-2025 14:07:16 	Admin updated meeting
level info: Aug-16-2025 14:07:16 	Employee joined meeting
level info: Aug-16-2025 14:07:16 	Employee left meeting
level info: Aug-16-2025 14:07:16 	Socket connected to meeting
level info: Aug-16-2025 14:07:16 	Employee retrieved upcoming meetings
level error: Aug-16-2025 14:07:16 	Error updating meeting
level error: Aug-16-2025 14:07:16 	Error updating meeting
level info: Aug-16-2025 14:07:16 	Admin started meeting
level info: Aug-16-2025 14:07:16 	Employee requested meeting access token
level info: Aug-16-2025 14:07:16 	Socket disconnected from meeting
level error: Aug-16-2025 14:07:16 	Error starting meeting
level info: Aug-16-2025 14:07:16 	Employee retrieved upcoming meetings
level info: Aug-16-2025 14:07:16 	Employee requested meeting access token
level info: Aug-16-2025 14:07:16 	Socket connected to meeting
level error: Aug-16-2025 14:07:16 	Error starting meeting
level info: Aug-16-2025 14:07:16 	Admin ended meeting
level info: Aug-16-2025 14:07:16 	Admin canceled meeting
level info: Aug-16-2025 14:07:16 	Admin retrieved meeting attendance
level info: Aug-16-2025 14:07:16 	Socket connected to meeting
level info: Aug-16-2025 14:07:16 	Admin kicked participant
level info: Aug-16-2025 14:07:16 	Socket disconnected from meeting
level info: Aug-16-2025 14:07:16 	Employee retrieved upcoming meetings
level info: Aug-16-2025 14:07:16 	Socket disconnected from meeting
level error: Aug-16-2025 14:07:16 	Error getting meeting attendance
level error: Aug-16-2025 14:07:16 	Error getting upcoming meetings
level info: Aug-16-2025 14:07:16 	Socket connected to meeting
level info: Aug-16-2025 14:07:16 	Admin banned participant
level error: Aug-16-2025 14:07:16 	Error getting meeting attendance
level info: Aug-16-2025 14:07:16 	Socket connected to meeting
level info: Aug-16-2025 14:07:16 	Admin retrieved meeting attendance
level info: Aug-16-2025 14:07:17 	Socket disconnected from meeting
level info: Aug-16-2025 14:07:17 	Socket disconnected from meeting
level info: Aug-16-2025 14:07:17 	Admin retrieved meeting attendance
level info: Aug-16-2025 14:07:17 	Socket connected to meeting
level info: Aug-16-2025 14:07:17 	Socket connected to meeting
level info: Aug-16-2025 14:07:17 	Socket disconnected from meeting
level info: Aug-16-2025 14:07:17 	Socket disconnected from meeting
level info: Aug-16-2025 14:07:17 	Socket connected to meeting
level info: Aug-16-2025 14:07:17 	Socket connected to meeting
level info: Aug-16-2025 14:07:17 	Socket disconnected from meeting
level info: Aug-16-2025 14:07:17 	Socket disconnected from meeting
level info: Aug-16-2025 14:07:17 	Socket connected to meeting
level info: Aug-16-2025 14:07:17 	Socket connected to meeting
level info: Aug-16-2025 14:07:17 	Socket disconnected from meeting
level info: Aug-16-2025 14:07:17 	Socket disconnected from meeting
level info: Aug-16-2025 14:07:18 	Socket connected to meeting
level info: Aug-16-2025 14:07:18 	Socket disconnected from meeting
level info: Aug-16-2025 14:07:18 	Socket connected to meeting
level info: Aug-16-2025 14:07:18 	Socket connected to meeting
level info: Aug-16-2025 14:07:18 	Participant kicked via socket
level info: Aug-16-2025 14:07:18 	Socket disconnected from meeting
level info: Aug-16-2025 14:07:18 	Socket disconnected from meeting
level info: Aug-16-2025 14:07:18 	Socket connected to meeting
level info: Aug-16-2025 14:07:18 	Socket connected to meeting
level info: Aug-16-2025 14:07:18 	Participant banned via socket
level info: Aug-16-2025 14:07:18 	Socket disconnected from meeting
level info: Aug-16-2025 14:07:18 	Socket disconnected from meeting
level info: Aug-16-2025 14:07:18 	Socket connected to meeting
level info: Aug-16-2025 14:07:18 	Socket connected to meeting
level info: Aug-16-2025 14:07:19 	Meeting ended via socket
level info: Aug-16-2025 14:07:19 	Socket disconnected from meeting
level info: Aug-16-2025 14:07:19 	Socket disconnected from meeting
level info: Aug-16-2025 14:07:19 	Socket connected to meeting
level info: Aug-16-2025 14:07:19 	Participant kicked via socket
level info: Aug-16-2025 14:07:49 	Socket disconnected from meeting
level info: Aug-16-2025 14:07:49 	Socket connected to meeting
level info: Aug-16-2025 14:07:49 	Participant banned via socket
level info: Aug-16-2025 14:08:19 	Socket disconnected from meeting
level info: Aug-16-2025 14:08:19 	Socket connected to meeting
level info: Aug-16-2025 14:08:19 	Meeting ended via socket
level info: Aug-16-2025 14:08:19 	Socket disconnected from meeting
level info: Aug-16-2025 14:08:49 	Socket connected to meeting
level info: Aug-16-2025 14:08:49 	Socket connected to meeting
level info: Aug-16-2025 14:08:49 	Socket connected to meeting
level info: Aug-16-2025 14:09:19 	Socket disconnected from meeting
level info: Aug-16-2025 14:09:19 	Socket disconnected from meeting
level info: Aug-16-2025 14:09:19 	Socket disconnected from meeting
level info: Aug-16-2025 14:09:19 	Socket connected to meeting
level info: Aug-16-2025 14:09:19 	Socket connected to meeting
level info: Aug-16-2025 14:09:19 	Socket connected to meeting
level info: Aug-16-2025 14:09:19 	Socket disconnected from meeting
level info: Aug-16-2025 14:09:19 	Socket disconnected from meeting
level info: Aug-16-2025 14:09:19 	Socket disconnected from meeting
level error: Aug-16-2025 14:09:19 	Error in socket connection handler
level info: Aug-16-2025 14:09:19 	Socket connected to meeting
level info: Aug-16-2025 14:09:49 	Socket disconnected from meeting
level warn: Aug-16-2025 14:42:57 	Socket connection rate limit exceeded
level warn: Aug-16-2025 14:42:57 	Socket connection rate limit exceeded
level warn: Aug-16-2025 14:42:57 	Socket event rate limit exceeded
level warn: Aug-16-2025 14:42:57 	Socket event rate limit exceeded
level warn: Aug-16-2025 14:42:57 	Socket event rate limit exceeded
level warn: Aug-16-2025 14:42:57 	Socket event rate limit exceeded
level info: Aug-16-2025 16:57:15 	Meeting recordings retrieved
level info: Aug-16-2025 16:57:15 	Meeting recording uploaded successfully
level info: Aug-16-2025 16:57:16 	Meeting recordings retrieved
level info: Aug-16-2025 16:57:16 	Meeting recordings retrieved
level info: Aug-16-2025 16:57:16 	Meeting recording deleted
level info: Aug-16-2025 16:57:16 	Meeting recording deleted
level info: Aug-16-2025 16:57:16 	Meeting recording stats retrieved
level warn: Aug-16-2025 16:57:18 	Redis store is not valid, using memory store
level warn: Aug-16-2025 16:57:18 	Redis store is not valid, using memory store
level warn: Aug-16-2025 16:57:18 	Redis store is not valid, using memory store
level warn: Aug-16-2025 16:57:18 	Redis store is not valid, using memory store
level warn: Aug-16-2025 16:57:18 	Redis store is not valid, using memory store
level warn: Aug-16-2025 16:57:18 	Redis store is not valid, using memory store
level info: Aug-16-2025 16:57:33 	Admin retrieved meeting attendance
level error: Aug-16-2025 16:57:33 	Error getting meeting attendance
level error: Aug-16-2025 16:57:33 	Error getting meeting attendance
level info: Aug-16-2025 16:57:33 	Admin retrieved meeting attendance
level info: Aug-16-2025 16:57:33 	Admin retrieved meeting attendance
level warn: Aug-16-2025 16:57:34 	Redis store is not valid, using memory store
level warn: Aug-16-2025 16:57:34 	Redis store is not valid, using memory store
level warn: Aug-16-2025 16:57:34 	Redis store is not valid, using memory store
level warn: Aug-16-2025 16:57:34 	Redis store is not valid, using memory store
level warn: Aug-16-2025 16:57:34 	Redis store is not valid, using memory store
level warn: Aug-16-2025 16:57:34 	Redis store is not valid, using memory store
level warn: Aug-16-2025 16:57:34 	Redis store is not valid, using memory store
level warn: Aug-16-2025 16:57:34 	Redis store is not valid, using memory store
level warn: Aug-16-2025 16:57:34 	Redis store is not valid, using memory store
level warn: Aug-16-2025 16:57:34 	Redis store is not valid, using memory store
level warn: Aug-16-2025 16:57:34 	Redis store is not valid, using memory store
level warn: Aug-16-2025 16:57:34 	Redis store is not valid, using memory store
level warn: Aug-16-2025 16:57:34 	Redis store is not valid, using memory store
level warn: Aug-16-2025 16:57:34 	Redis store is not valid, using memory store
level warn: Aug-16-2025 16:57:34 	Redis store is not valid, using memory store
level warn: Aug-16-2025 16:57:34 	Redis store is not valid, using memory store
level warn: Aug-16-2025 16:57:34 	Redis store is not valid, using memory store
level warn: Aug-16-2025 16:57:34 	Redis store is not valid, using memory store
level info: Aug-16-2025 16:57:34 	Employee listed meetings
level info: Aug-16-2025 16:57:34 	Admin retrieved scheduled meetings
level info: Aug-16-2025 16:57:34 	Employee listed meetings
level info: Aug-16-2025 16:57:35 	Socket connected to meeting
level info: Aug-16-2025 16:57:35 	Employee listed meetings
level info: Aug-16-2025 16:57:35 	Admin created meeting
level info: Aug-16-2025 16:57:35 	Employee retrieved meeting details
level info: Aug-16-2025 16:57:35 	Socket disconnected from meeting
level info: Aug-16-2025 16:57:35 	Employee retrieved meeting details
level error: Aug-16-2025 16:57:35 	Socket authentication failed
level info: Aug-16-2025 16:57:35 	Employee retrieved meeting details
level error: Aug-16-2025 16:57:35 	Error creating meeting
level info: Aug-16-2025 16:57:35 	Admin retrieved scheduled meetings
level error: Aug-16-2025 16:57:35 	Socket authentication failed
level info: Aug-16-2025 16:57:35 	Admin retrieved scheduled meetings
level info: Aug-16-2025 16:57:35 	Employee joined meeting
level info: Aug-16-2025 16:57:35 	Socket connected to meeting
level info: Aug-16-2025 16:57:35 	Admin retrieved meeting
level info: Aug-16-2025 16:57:35 	Employee joined meeting
level info: Aug-16-2025 16:57:35 	Admin updated meeting
level info: Aug-16-2025 16:57:35 	Socket disconnected from meeting
level info: Aug-16-2025 16:57:35 	Employee left meeting
level info: Aug-16-2025 16:57:35 	Socket connected to meeting
level error: Aug-16-2025 16:57:35 	Error updating meeting
level info: Aug-16-2025 16:57:35 	Employee requested meeting access token
level error: Aug-16-2025 16:57:35 	Error updating meeting
level info: Aug-16-2025 16:57:35 	Socket connected to meeting
level info: Aug-16-2025 16:57:35 	Employee requested meeting access token
level info: Aug-16-2025 16:57:35 	Admin started meeting
level info: Aug-16-2025 16:57:35 	Socket disconnected from meeting
level info: Aug-16-2025 16:57:35 	Socket disconnected from meeting
level error: Aug-16-2025 16:57:35 	Error starting meeting
level error: Aug-16-2025 16:57:35 	Error starting meeting
level info: Aug-16-2025 16:57:35 	Socket connected to meeting
level info: Aug-16-2025 16:57:35 	Admin ended meeting
level info: Aug-16-2025 16:57:35 	Admin canceled meeting
level info: Aug-16-2025 16:57:35 	Admin kicked participant
level info: Aug-16-2025 16:57:35 	Socket connected to meeting
level info: Aug-16-2025 16:57:35 	Socket disconnected from meeting
level info: Aug-16-2025 16:57:35 	Socket disconnected from meeting
level info: Aug-16-2025 16:57:35 	Admin banned participant
level info: Aug-16-2025 16:57:35 	Socket connected to meeting
level info: Aug-16-2025 16:57:35 	Socket connected to meeting
level info: Aug-16-2025 16:57:35 	Socket disconnected from meeting
level info: Aug-16-2025 16:57:35 	Socket disconnected from meeting
level info: Aug-16-2025 16:57:35 	Socket connected to meeting
level info: Aug-16-2025 16:57:35 	Socket connected to meeting
level info: Aug-16-2025 16:57:35 	Socket disconnected from meeting
level info: Aug-16-2025 16:57:35 	Socket disconnected from meeting
level info: Aug-16-2025 16:57:35 	Socket connected to meeting
level info: Aug-16-2025 16:57:35 	Socket connected to meeting
level info: Aug-16-2025 16:57:35 	Socket disconnected from meeting
level info: Aug-16-2025 16:57:35 	Socket disconnected from meeting
level info: Aug-16-2025 16:57:35 	Socket connected to meeting
level info: Aug-16-2025 16:57:35 	Socket disconnected from meeting
level info: Aug-16-2025 16:57:35 	Socket connected to meeting
level info: Aug-16-2025 16:57:35 	Socket connected to meeting
level info: Aug-16-2025 16:57:35 	Participant kicked via socket
level info: Aug-16-2025 16:57:35 	Socket disconnected from meeting
level info: Aug-16-2025 16:57:35 	Socket disconnected from meeting
level info: Aug-16-2025 16:57:35 	Socket connected to meeting
level info: Aug-16-2025 16:57:35 	Socket connected to meeting
level info: Aug-16-2025 16:57:35 	Participant banned via socket
level info: Aug-16-2025 16:57:35 	Socket disconnected from meeting
level info: Aug-16-2025 16:57:35 	Socket disconnected from meeting
level info: Aug-16-2025 16:57:35 	Socket connected to meeting
level info: Aug-16-2025 16:57:35 	Socket connected to meeting
level info: Aug-16-2025 16:57:35 	Meeting ended via socket
level info: Aug-16-2025 16:57:35 	Socket disconnected from meeting
level info: Aug-16-2025 16:57:35 	Socket disconnected from meeting
level info: Aug-16-2025 16:57:35 	Socket connected to meeting
level info: Aug-16-2025 16:57:35 	Participant kicked via socket
level warn: Aug-16-2025 16:57:34 	Redis store is not valid, using memory store
level warn: Aug-16-2025 16:57:34 	Redis store is not valid, using memory store
level warn: Aug-16-2025 16:57:34 	Redis store is not valid, using memory store
level warn: Aug-16-2025 16:57:34 	Redis store is not valid, using memory store
level warn: Aug-16-2025 16:57:34 	Redis store is not valid, using memory store
level warn: Aug-16-2025 16:57:34 	Redis store is not valid, using memory store
level warn: Aug-16-2025 16:57:34 	Redis store is not valid, using memory store
level info: Aug-16-2025 16:57:37 	Employee retrieved upcoming meetings
level warn: Aug-16-2025 16:57:34 	Redis store is not valid, using memory store
level warn: Aug-16-2025 16:57:34 	Redis store is not valid, using memory store
level warn: Aug-16-2025 16:57:34 	Redis store is not valid, using memory store
level warn: Aug-16-2025 16:57:34 	Redis store is not valid, using memory store
level warn: Aug-16-2025 16:57:34 	Redis store is not valid, using memory store
level info: Aug-16-2025 16:57:37 	Admin sent meeting invites
level info: Aug-16-2025 16:57:37 	Employee retrieved upcoming meetings
level info: Aug-16-2025 16:57:37 	Employee retrieved upcoming meetings
level error: Aug-16-2025 16:57:37 	Error sending meeting invites
level error: Aug-16-2025 16:57:37 	Error getting upcoming meetings
level error: Aug-16-2025 16:57:37 	Error sending meeting invites
level info: Aug-16-2025 16:57:37 	Admin retrieved scheduled meetings
level info: Aug-16-2025 16:57:37 	Admin sent meeting reminders
level info: Aug-16-2025 16:57:37 	Admin sent meeting reminders
level info: Aug-16-2025 16:58:05 	Socket disconnected from meeting
level info: Aug-16-2025 16:58:05 	Socket connected to meeting
level info: Aug-16-2025 16:58:05 	Participant banned via socket
level info: Aug-16-2025 16:58:35 	Socket disconnected from meeting
level info: Aug-16-2025 16:58:35 	Socket connected to meeting
level info: Aug-16-2025 16:58:35 	Meeting ended via socket
level info: Aug-16-2025 16:58:35 	Socket disconnected from meeting
level info: Aug-16-2025 16:59:05 	Socket connected to meeting
level info: Aug-16-2025 16:59:05 	Socket connected to meeting
level info: Aug-16-2025 16:59:05 	Socket connected to meeting
level info: Aug-16-2025 16:59:35 	Socket disconnected from meeting
level info: Aug-16-2025 16:59:35 	Socket disconnected from meeting
level info: Aug-16-2025 16:59:35 	Socket disconnected from meeting
level info: Aug-16-2025 16:59:35 	Socket connected to meeting
level info: Aug-16-2025 16:59:35 	Socket connected to meeting
level info: Aug-16-2025 16:59:35 	Socket connected to meeting
level info: Aug-16-2025 16:59:35 	Socket disconnected from meeting
level info: Aug-16-2025 16:59:35 	Socket disconnected from meeting
level info: Aug-16-2025 16:59:35 	Socket disconnected from meeting
level warn: Aug-16-2025 16:59:35 	Socket connection rate limit exceeded
level warn: Aug-16-2025 16:59:35 	Socket connection rate limited
level warn: Aug-16-2025 16:59:44 	Socket connection rate limit exceeded
level warn: Aug-16-2025 16:59:44 	Socket connection rate limit exceeded
level warn: Aug-16-2025 16:59:44 	Socket event rate limit exceeded
level warn: Aug-16-2025 16:59:44 	Socket event rate limit exceeded
level warn: Aug-16-2025 16:59:44 	Socket event rate limit exceeded
level warn: Aug-16-2025 16:59:44 	Socket event rate limit exceeded
level warn: Aug-16-2025 17:00:05 	Socket connection rate limit exceeded
level warn: Aug-16-2025 17:00:05 	Socket connection rate limited
