{"level":"info","message":"All cron jobs initialized successfully","service":"scheduled-notifications","timestamp":"2025-08-12 23:31:50"}
{"level":"info","message":"All cron jobs initialized successfully","service":"scheduled-notifications","timestamp":"2025-08-12 23:34:50"}
{"level":"info","message":"All cron jobs initialized successfully","service":"scheduled-notifications","timestamp":"2025-08-12 23:35:10"}
{"level":"info","message":"All cron jobs initialized successfully","service":"scheduled-notifications","timestamp":"2025-08-12 23:35:33"}
{"level":"info","message":"All cron jobs initialized successfully","service":"scheduled-notifications","timestamp":"2025-08-12 23:35:44"}
{"level":"info","message":"All cron jobs initialized successfully","service":"scheduled-notifications","timestamp":"2025-08-12 23:37:42"}
{"level":"info","message":"All cron jobs initialized successfully","service":"scheduled-notifications","timestamp":"2025-08-12 23:40:55"}
{"level":"info","message":"All cron jobs initialized successfully","service":"scheduled-notifications","timestamp":"2025-08-12 23:41:04"}
{"level":"info","message":"All cron jobs initialized successfully","service":"scheduled-notifications","timestamp":"2025-08-12 23:41:23"}
{"level":"info","message":"All cron jobs initialized successfully","service":"scheduled-notifications","timestamp":"2025-08-12 23:42:24"}
{"level":"info","message":"All cron jobs initialized successfully","service":"scheduled-notifications","timestamp":"2025-08-12 23:49:25"}
{"level":"info","message":"All cron jobs initialized successfully","service":"scheduled-notifications","timestamp":"2025-08-12 23:51:11"}
{"level":"info","message":"All cron jobs initialized successfully","service":"scheduled-notifications","timestamp":"2025-08-12 23:51:41"}
{"level":"info","message":"All cron jobs initialized successfully","service":"scheduled-notifications","timestamp":"2025-08-12 23:53:24"}
{"level":"info","message":"All cron jobs initialized successfully","service":"scheduled-notifications","timestamp":"2025-08-12 23:53:43"}
{"level":"info","message":"All cron jobs initialized successfully","service":"scheduled-notifications","timestamp":"2025-08-12 23:53:55"}
{"level":"info","message":"All cron jobs initialized successfully","service":"scheduled-notifications","timestamp":"2025-08-12 23:54:16"}
{"level":"info","message":"All cron jobs initialized successfully","service":"scheduled-notifications","timestamp":"2025-08-12 23:54:54"}
{"level":"info","message":"All cron jobs initialized successfully","service":"scheduled-notifications","timestamp":"2025-08-12 23:56:08"}
{"level":"info","message":"All cron jobs initialized successfully","service":"scheduled-notifications","timestamp":"2025-08-12 23:56:13"}
{"level":"info","message":"All cron jobs initialized successfully","service":"scheduled-notifications","timestamp":"2025-08-12 23:57:38"}
{"level":"info","message":"All cron jobs initialized successfully","service":"scheduled-notifications","timestamp":"2025-08-12 23:57:41"}
{"level":"info","message":"All cron jobs initialized successfully","service":"scheduled-notifications","timestamp":"2025-08-12 23:57:43"}
{"level":"info","message":"All cron jobs initialized successfully","service":"scheduled-notifications","timestamp":"2025-08-12 23:58:22"}
{"level":"info","message":"All cron jobs initialized successfully","service":"scheduled-notifications","timestamp":"2025-08-12 23:58:28"}
{"level":"info","message":"All cron jobs initialized successfully","service":"scheduled-notifications","timestamp":"2025-08-13 00:00:05"}
{"level":"info","message":"All cron jobs initialized successfully","service":"scheduled-notifications","timestamp":"2025-08-13 00:00:09"}
{"level":"info","message":"All cron jobs initialized successfully","service":"scheduled-notifications","timestamp":"2025-08-13 00:00:14"}
{"level":"info","message":"All cron jobs initialized successfully","service":"scheduled-notifications","timestamp":"2025-08-13 01:23:04"}
{"level":"info","message":"All cron jobs initialized successfully","service":"scheduled-notifications","timestamp":"2025-08-13 01:23:09"}
{"level":"info","message":"All cron jobs initialized successfully","service":"scheduled-notifications","timestamp":"2025-08-13 01:35:04"}
{"level":"info","message":"All cron jobs initialized successfully","service":"scheduled-notifications","timestamp":"2025-08-13 17:01:04"}
{"level":"info","message":"All cron jobs initialized successfully","service":"scheduled-notifications","timestamp":"2025-08-13 17:01:11"}
{"level":"info","message":"Starting hourly task due date reminder cron job","service":"scheduled-notifications","timestamp":"2025-08-13 18:00:00"}
{"level":"info","message":"Starting daily task reminder notifications","service":"scheduled-notifications","timestamp":"2025-08-13 18:00:00"}
{"level":"info","message":"Daily task reminder notifications completed successfully","service":"scheduled-notifications","timestamp":"2025-08-13 18:00:02"}
{"level":"info","message":"Hourly task due date reminder cron job completed successfully","service":"scheduled-notifications","timestamp":"2025-08-13 18:00:02"}
{"level":"info","message":"All cron jobs initialized successfully","service":"scheduled-notifications","timestamp":"2025-08-13 20:03:13"}
{"level":"info","message":"All cron jobs initialized successfully","service":"scheduled-notifications","timestamp":"2025-08-13 20:08:49"}
{"level":"info","message":"All cron jobs initialized successfully","service":"scheduled-notifications","timestamp":"2025-08-16 00:00:26"}
{"level":"info","message":"All cron jobs initialized successfully","service":"scheduled-notifications","timestamp":"2025-08-16 00:27:07"}
{"level":"info","message":"All cron jobs initialized successfully","service":"scheduled-notifications","timestamp":"2025-08-16 00:27:15"}
{"level":"info","message":"All cron jobs initialized successfully","service":"scheduled-notifications","timestamp":"2025-08-16 00:27:17"}
{"level":"info","message":"All cron jobs initialized successfully","service":"scheduled-notifications","timestamp":"2025-08-16 00:37:54"}
{"level":"info","message":"All cron jobs initialized successfully","service":"scheduled-notifications","timestamp":"2025-08-16 00:40:37"}
{"level":"info","message":"All cron jobs initialized successfully","service":"scheduled-notifications","timestamp":"2025-08-16 00:40:39"}
{"level":"info","message":"All cron jobs initialized successfully","service":"scheduled-notifications","timestamp":"2025-08-16 00:40:48"}
{"level":"info","message":"All cron jobs initialized successfully","service":"scheduled-notifications","timestamp":"2025-08-16 00:40:50"}
{"level":"info","message":"All cron jobs initialized successfully","service":"scheduled-notifications","timestamp":"2025-08-16 00:42:34"}
{"level":"info","message":"All cron jobs initialized successfully","service":"scheduled-notifications","timestamp":"2025-08-16 00:42:39"}
{"level":"info","message":"All cron jobs initialized successfully","service":"scheduled-notifications","timestamp":"2025-08-16 00:44:28"}
{"level":"info","message":"All cron jobs initialized successfully","service":"scheduled-notifications","timestamp":"2025-08-16 00:44:31"}
{"level":"info","message":"All cron jobs initialized successfully","service":"scheduled-notifications","timestamp":"2025-08-16 00:44:44"}
{"level":"info","message":"All cron jobs initialized successfully","service":"scheduled-notifications","timestamp":"2025-08-16 00:44:47"}
{"level":"info","message":"All cron jobs initialized successfully","service":"scheduled-notifications","timestamp":"2025-08-16 00:59:20"}
{"level":"info","message":"All cron jobs initialized successfully","service":"scheduled-notifications","timestamp":"2025-08-16 02:14:29"}
{"level":"info","message":"All cron jobs initialized successfully","service":"scheduled-notifications","timestamp":"2025-08-16 02:15:12"}
{"level":"info","message":"All cron jobs initialized successfully","service":"scheduled-notifications","timestamp":"2025-08-16 10:53:31"}
{"level":"info","message":"All cron jobs initialized successfully","service":"scheduled-notifications","timestamp":"2025-08-16 10:54:46"}
{"level":"info","message":"All cron jobs initialized successfully","service":"scheduled-notifications","timestamp":"2025-08-16 10:57:17"}
{"level":"info","message":"All cron jobs initialized successfully","service":"scheduled-notifications","timestamp":"2025-08-16 10:58:14"}
{"level":"info","message":"All cron jobs initialized successfully","service":"scheduled-notifications","timestamp":"2025-08-16 11:01:08"}
{"level":"info","message":"All cron jobs initialized successfully","service":"scheduled-notifications","timestamp":"2025-08-16 11:02:37"}
{"level":"info","message":"All cron jobs initialized successfully","service":"scheduled-notifications","timestamp":"2025-08-16 11:04:30"}
{"level":"info","message":"All cron jobs initialized successfully","service":"scheduled-notifications","timestamp":"2025-08-16 11:11:49"}
{"level":"info","message":"All cron jobs initialized successfully","service":"scheduled-notifications","timestamp":"2025-08-16 14:42:52"}
{"level":"info","message":"All cron jobs initialized successfully","service":"scheduled-notifications","timestamp":"2025-08-16 14:43:11"}
{"level":"info","message":"All cron jobs initialized successfully","service":"scheduled-notifications","timestamp":"2025-08-16 14:43:27"}
{"level":"info","message":"All cron jobs initialized successfully","service":"scheduled-notifications","timestamp":"2025-08-16 14:43:42"}
{"level":"info","message":"All cron jobs initialized successfully","service":"scheduled-notifications","timestamp":"2025-08-16 14:46:44"}
{"level":"info","message":"All cron jobs initialized successfully","service":"scheduled-notifications","timestamp":"2025-08-16 14:58:45"}
{"level":"info","message":"All cron jobs initialized successfully","service":"scheduled-notifications","timestamp":"2025-08-16 15:25:54"}
{"level":"info","message":"All cron jobs initialized successfully","service":"scheduled-notifications","timestamp":"2025-08-16 15:25:56"}
{"level":"info","message":"All cron jobs initialized successfully","service":"scheduled-notifications","timestamp":"2025-08-16 15:26:20"}
{"level":"info","message":"All cron jobs initialized successfully","service":"scheduled-notifications","timestamp":"2025-08-16 15:26:24"}
{"level":"info","message":"All cron jobs initialized successfully","service":"scheduled-notifications","timestamp":"2025-08-16 15:26:35"}
{"level":"info","message":"All cron jobs initialized successfully","service":"scheduled-notifications","timestamp":"2025-08-16 15:35:08"}
{"level":"info","message":"All cron jobs initialized successfully","service":"scheduled-notifications","timestamp":"2025-08-16 15:47:44"}
{"level":"info","message":"All cron jobs initialized successfully","service":"scheduled-notifications","timestamp":"2025-08-16 15:57:44"}
{"level":"info","message":"All cron jobs initialized successfully","service":"scheduled-notifications","timestamp":"2025-08-16 15:58:06"}
{"level":"info","message":"All cron jobs initialized successfully","service":"scheduled-notifications","timestamp":"2025-08-16 16:11:55"}
{"level":"info","message":"All cron jobs initialized successfully","service":"scheduled-notifications","timestamp":"2025-08-16 16:12:08"}
{"level":"info","message":"All cron jobs initialized successfully","service":"scheduled-notifications","timestamp":"2025-08-16 17:45:19"}
{"level":"info","message":"All cron jobs initialized successfully","service":"scheduled-notifications","timestamp":"2025-08-16 18:51:50"}
{"level":"info","message":"All cron jobs initialized successfully","service":"scheduled-notifications","timestamp":"2025-08-16 18:51:56"}
{"level":"info","message":"All cron jobs initialized successfully","service":"scheduled-notifications","timestamp":"2025-08-16 18:51:59"}
{"level":"info","message":"All cron jobs initialized successfully","service":"scheduled-notifications","timestamp":"2025-08-16 19:08:01"}
{"level":"info","message":"All cron jobs initialized successfully","service":"scheduled-notifications","timestamp":"2025-08-16 19:09:13"}
{"level":"info","message":"All cron jobs initialized successfully","service":"scheduled-notifications","timestamp":"2025-08-16 19:14:53"}
{"level":"info","message":"All cron jobs initialized successfully","service":"scheduled-notifications","timestamp":"2025-08-16 19:19:28"}
{"level":"info","message":"All cron jobs initialized successfully","service":"scheduled-notifications","timestamp":"2025-08-16 19:30:11"}
{"level":"info","message":"All cron jobs initialized successfully","service":"scheduled-notifications","timestamp":"2025-08-16 19:36:52"}
{"level":"info","message":"All cron jobs initialized successfully","service":"scheduled-notifications","timestamp":"2025-08-16 19:41:43"}
{"level":"info","message":"All cron jobs initialized successfully","service":"scheduled-notifications","timestamp":"2025-08-16 19:42:09"}
{"level":"info","message":"All cron jobs initialized successfully","service":"scheduled-notifications","timestamp":"2025-08-16 19:42:12"}
{"level":"info","message":"All cron jobs initialized successfully","service":"scheduled-notifications","timestamp":"2025-08-16 19:42:30"}
{"level":"info","message":"All cron jobs initialized successfully","service":"scheduled-notifications","timestamp":"2025-08-16 19:42:42"}
{"level":"info","message":"All cron jobs initialized successfully","service":"scheduled-notifications","timestamp":"2025-08-16 19:45:08"}
{"level":"info","message":"All cron jobs initialized successfully","service":"scheduled-notifications","timestamp":"2025-08-16 19:45:10"}
{"level":"info","message":"All cron jobs initialized successfully","service":"scheduled-notifications","timestamp":"2025-08-16 19:45:12"}
{"level":"info","message":"All cron jobs initialized successfully","service":"scheduled-notifications","timestamp":"2025-08-16 19:45:15"}
{"level":"info","message":"All cron jobs initialized successfully","service":"scheduled-notifications","timestamp":"2025-08-16 19:45:25"}
{"level":"info","message":"All cron jobs initialized successfully","service":"scheduled-notifications","timestamp":"2025-08-16 19:45:31"}
{"level":"info","message":"All cron jobs initialized successfully","service":"scheduled-notifications","timestamp":"2025-08-16 19:46:07"}
{"level":"info","message":"All cron jobs initialized successfully","service":"scheduled-notifications","timestamp":"2025-08-16 19:47:08"}
{"level":"info","message":"All cron jobs initialized successfully","service":"scheduled-notifications","timestamp":"2025-08-16 20:06:10"}
{"level":"info","message":"All cron jobs initialized successfully","service":"scheduled-notifications","timestamp":"2025-08-16 20:06:26"}
{"level":"info","message":"All cron jobs initialized successfully","service":"scheduled-notifications","timestamp":"2025-08-16 20:07:05"}
{"level":"info","message":"All cron jobs initialized successfully","service":"scheduled-notifications","timestamp":"2025-08-16 21:07:02"}
{"level":"info","message":"All cron jobs initialized successfully","service":"scheduled-notifications","timestamp":"2025-08-16 21:07:22"}
{"level":"info","message":"All cron jobs initialized successfully","service":"scheduled-notifications","timestamp":"2025-08-16 21:07:42"}
{"level":"info","message":"All cron jobs initialized successfully","service":"scheduled-notifications","timestamp":"2025-08-16 21:14:42"}
{"level":"info","message":"All cron jobs initialized successfully","service":"scheduled-notifications","timestamp":"2025-08-16 21:28:04"}
