level error: Aug-09-2025 12:47:52 	Error: 
Invalid `prisma.employee.create()` invocation in
D:\clone-code\api\admin_app\controller\adminController.js:188:46

  185 }
  186 
  187 // Create employee using Prisma
→ 188 const employee = await prisma.employee.create({
        data: {
          empName: "Bob Employee",
          empEmail: "bob.emp@example.com",
          empPhone: 9123456789,
                    ~~~~~~~~~~
          empPassword: "$2b$10$0YRxs.r6fFVO19X6T3BVyeeTPH2APbCb8lJG8jEIUmO4p/YG8aED6",
          confirmPassword: "$2b$10$0YRxs.r6fFVO19X6T3BVyeeTPH2APbCb8lJG8jEIUmO4p/YG8aED6",
          empTechnology: "Node.js",
          empGender: "MALE",
          empProfile: "../upload/maleAvatar.png",
          empRole: "employee"
        }
      })

Argument `empPhone`: Invalid value provided. Expected String, provided Int.
level error: Aug-09-2025 12:49:28 	Error: 
Invalid `prisma.employee.create()` invocation in
D:\clone-code\api\admin_app\controller\adminController.js:188:46

  185 }
  186 
  187 // Create employee using Prisma
→ 188 const employee = await prisma.employee.create({
        data: {
          empName: "Bob Employee",
          empEmail: "bob.emp@example.com",
          empPhone: 9123456789,
                    ~~~~~~~~~~
          empPassword: "$2b$10$zdYWgFGG/dG15X2.uOgYuuSO5wWzA91RcpztTkpHk01LKhBcgiptW",
          confirmPassword: "$2b$10$zdYWgFGG/dG15X2.uOgYuuSO5wWzA91RcpztTkpHk01LKhBcgiptW",
          empTechnology: "Node.js",
          empGender: "MALE",
          empProfile: "../upload/maleAvatar.png",
          empRole: "employee"
        }
      })

Argument `empPhone`: Invalid value provided. Expected String, provided Int.
level error: Aug-09-2025 13:29:07 	Admin Already Exists With This Email
level error: Aug-09-2025 13:29:39 	Employee Already Exists With This Email
