level info: Aug-16-2025 00:00:38 	Admin logged in successfully
level info: Aug-16-2025 00:30:29 	Task "Build API Integration" created successfully by admin
level info: Aug-16-2025 00:32:20 	Task "Design User Authentication Module" created successfully by admin
level info: Aug-16-2025 00:34:34 	Employee Created Successfully
level error: Aug-16-2025 00:35:00 	Employee Already Exists With This Email
level info: Aug-16-2025 00:35:14 	Employee Created Successfully
level info: Aug-16-2025 00:36:57 	Task "Implement Role-Based Access Control" created successfully by admin
level info: Aug-16-2025 00:46:35 	Admin logged in successfully
level info: Aug-16-2025 00:46:58 	Dashboard overview retrieved successfully
level info: Aug-16-2025 00:57:49 	Dashboard overview retrieved successfully
level info: Aug-16-2025 15:08:02 	Admin profile retrieved successfully
level info: Aug-16-2025 15:08:03 	Admin profile retrieved successfully
level info: Aug-16-2025 15:09:02 	Admin profile retrieved successfully
level info: Aug-16-2025 15:09:02 	Admin profile retrieved successfully
level info: Aug-16-2025 15:09:22 	Admin profile retrieved successfully
level info: Aug-16-2025 15:09:22 	Admin profile retrieved successfully
level info: Aug-16-2025 15:10:09 	Admin profile retrieved successfully
level info: Aug-16-2025 15:10:10 	Admin profile retrieved successfully
level info: Aug-16-2025 15:13:25 	Admin profile retrieved successfully
level info: Aug-16-2025 15:13:26 	Admin profile retrieved successfully
level info: Aug-16-2025 15:18:37 	Admin profile retrieved successfully
level info: Aug-16-2025 16:46:52 	Admin logged in successfully
level info: Aug-16-2025 16:47:21 	Admin profile retrieved successfully
level info: Aug-16-2025 16:47:22 	Admin profile retrieved successfully
level info: Aug-16-2025 16:48:18 	Task "Implement Role-Based Access Control" created successfully by admin
level info: Aug-16-2025 17:45:23 	Admin logged in successfully
level info: Aug-16-2025 17:46:58 	Admin profile retrieved successfully
level info: Aug-16-2025 17:46:59 	Admin profile retrieved successfully
level info: Aug-16-2025 18:15:21 	Admin profile retrieved successfully
level info: Aug-16-2025 18:15:22 	Admin profile retrieved successfully
level info: Aug-16-2025 18:16:46 	Admin profile retrieved successfully
level info: Aug-16-2025 18:17:03 	Admin profile retrieved successfully
level info: Aug-16-2025 18:18:40 	Admin profile retrieved successfully
level info: Aug-16-2025 18:28:25 	Task "Implement Role-Based Access Control" created successfully by admin
level info: Aug-16-2025 18:29:58 	Admin logged in successfully
level info: Aug-16-2025 18:30:17 	All tasks retrieved successfully by admin
level info: Aug-16-2025 18:30:34 	All tasks retrieved successfully by admin
level info: Aug-16-2025 18:30:50 	All tasks retrieved successfully by admin
level info: Aug-16-2025 18:30:51 	All tasks retrieved successfully by admin
level info: Aug-16-2025 18:31:00 	All tasks retrieved successfully by admin
level info: Aug-16-2025 18:31:00 	All tasks retrieved successfully by admin
level info: Aug-16-2025 18:31:41 	All tasks retrieved successfully by admin
level info: Aug-16-2025 18:31:41 	All tasks retrieved successfully by admin
level info: Aug-16-2025 18:35:53 	All tasks retrieved successfully by admin
level info: Aug-16-2025 18:35:54 	All tasks retrieved successfully by admin
level info: Aug-16-2025 18:35:54 	All tasks retrieved successfully by admin
level info: Aug-16-2025 18:35:58 	All tasks retrieved successfully by admin
level info: Aug-16-2025 18:35:58 	All tasks retrieved successfully by admin
level info: Aug-16-2025 18:38:54 	All tasks retrieved successfully by admin
level info: Aug-16-2025 18:38:54 	All tasks retrieved successfully by admin
level info: Aug-16-2025 18:41:33 	All tasks retrieved successfully by admin
level info: Aug-16-2025 18:41:33 	All tasks retrieved successfully by admin
level info: Aug-16-2025 18:43:12 	All tasks retrieved successfully by admin
level info: Aug-16-2025 18:43:13 	All tasks retrieved successfully by admin
level info: Aug-16-2025 18:43:52 	All tasks retrieved successfully by admin
level info: Aug-16-2025 18:43:52 	All tasks retrieved successfully by admin
level info: Aug-16-2025 18:44:15 	All tasks retrieved successfully by admin
level info: Aug-16-2025 18:44:16 	All tasks retrieved successfully by admin
level info: Aug-16-2025 18:45:34 	All tasks retrieved successfully by admin
level info: Aug-16-2025 18:45:34 	All tasks retrieved successfully by admin
level info: Aug-16-2025 18:45:48 	All tasks retrieved successfully by admin
level info: Aug-16-2025 18:45:48 	All tasks retrieved successfully by admin
level info: Aug-16-2025 18:59:22 	All tasks retrieved successfully by admin
level info: Aug-16-2025 18:59:22 	All tasks retrieved successfully by admin
level info: Aug-16-2025 19:01:28 	Task "Design RBAC Schema in SQL" created successfully by admin
level info: Aug-16-2025 19:01:29 	All tasks retrieved successfully by admin
level info: Aug-16-2025 19:03:03 	Task "Build API Integration" deleted successfully by admin
level info: Aug-16-2025 19:03:03 	All tasks retrieved successfully by admin
level info: Aug-16-2025 19:05:17 	All tasks retrieved successfully by admin
level info: Aug-16-2025 19:05:18 	All tasks retrieved successfully by admin
level info: Aug-16-2025 19:05:58 	Task "Design User Authentication Module" deleted successfully by admin
level info: Aug-16-2025 19:05:59 	All tasks retrieved successfully by admin
level info: Aug-16-2025 19:06:15 	All tasks retrieved successfully by admin
level info: Aug-16-2025 19:06:15 	All tasks retrieved successfully by admin
level info: Aug-16-2025 19:06:21 	Task "Implement Role-Based Access Control" deleted successfully by admin
level info: Aug-16-2025 19:06:21 	All tasks retrieved successfully by admin
level info: Aug-16-2025 19:09:02 	All tasks retrieved successfully by admin
level info: Aug-16-2025 19:09:03 	All tasks retrieved successfully by admin
level info: Aug-16-2025 19:09:26 	All tasks retrieved successfully by admin
level info: Aug-16-2025 19:09:27 	All tasks retrieved successfully by admin
level info: Aug-16-2025 20:57:14 	Admin logged in successfully
level info: Aug-16-2025 20:57:30 	Admin profile retrieved successfully
level info: Aug-16-2025 20:57:30 	Admin profile retrieved successfully
level info: Aug-16-2025 20:57:39 	Today's attendance summary retrieved successfully
level info: Aug-16-2025 20:57:39 	All employee timesheets retrieved successfully
level info: Aug-16-2025 20:57:39 	Today's attendance summary retrieved successfully
level info: Aug-16-2025 20:57:39 	All employee timesheets retrieved successfully
level info: Aug-16-2025 20:57:48 	All tasks retrieved successfully by admin
level info: Aug-16-2025 20:57:49 	All tasks retrieved successfully by admin
level info: Aug-16-2025 21:19:26 	All employees retrieved successfully
level info: Aug-16-2025 21:19:27 	All employees retrieved successfully
level info: Aug-16-2025 21:32:28 	All employees retrieved successfully
level info: Aug-16-2025 21:32:28 	All employees retrieved successfully
level info: Aug-16-2025 21:32:32 	All tasks retrieved successfully by admin
level info: Aug-16-2025 21:32:32 	All tasks retrieved successfully by admin
level info: Aug-16-2025 21:32:34 	Today's attendance summary retrieved successfully
level info: Aug-16-2025 21:32:35 	Today's attendance summary retrieved successfully
level info: Aug-16-2025 21:32:36 	All employee timesheets retrieved successfully
level info: Aug-16-2025 21:32:36 	All employee timesheets retrieved successfully
